200
1949 20
29512 75188 98832 96757 24096 18968 63589 2883 99686 41367 77607 82966 5658 99572 21318 52845 71256 1416 46254 7767
333 20
26728 28898 22979 77281 629 56312 83552 17375 16094 66274 43130 56452 66077 54340 65703 85210 98009 2253 42018 14167
4465 20
90229 67014 11015 99140 22527 24541 5224 53987 53979 99386 60518 14951 12492 5743 6987 17666 9695 78002 74869 67206
9535 20
79826 70220 97596 64372 76331 34938 43180 10660 847 54056 36856 68240 75980 34928 37307 48480 10276 85320 61221 95388
2269 20
68373 24443 60244 54550 96225 54049 27432 16400 83406 96431 77141 48995 79711 21349 13151 77337 25367 7341 37632 36013
1841 20
77503 92269 89534 47022 76892 90937 84061 95102 37199 2761 99961 6586 57389 21689 9497 8138 66478 31189 3036 10323
2595 20
6211 32210 37988 56102 53077 20237 43589 65394 85163 4574 7402 74434 24051 14294 89403 99774 58789 21527 68600 47277
3081 20
4354 20068 5900 99857 3912 8191 32323 23808 7810 28047 5470 19737 19915 92092 97857 99282 90061 12499 26975 80903
9806 20
51194 27565 7833 23799 17347 3034 5897 66069 49240 45685 26491 63040 66792 32539 25166 75753 5999 48636 90405 91531
1267 20
34469 592 39525 17825 82685 66432 91226 67886 18473 2829 90776 13994 96082 40834 30878 9506 9453 62486 5885 53688
848 20
26788 681 94950 1508 88991 19413 76562 4371 26029 80884 95698 69839 74184 71790 7640 10699 66596 28295 96781 87597
19 20
34109 45938 53043 53181 50289 57153 31923 54031 10987 41297 84320 289 82303 84845 77516 62074 59697 33832 2596 15417
1478 20
16541 29280 81910 40915 94114 94760 88154 59763 16091 11030 29736 44076 95287 70272 31959 21990 99281 3165 56764 89956
6718 20
38427 46024 49208 90812 45002 14462 11486 48788 6306 1672 25050 76171 84004 86973 90174 73545 21013 5870 22505 65227
2579 20
77539 40429 15886 53978 22543 26662 37188 75169 83124 66772 49291 761 30325 89542 88527 28838 43055 58480 89453 14247
6633 20
3560 91131 24522 97717 48990 66888 28747 23120 13722 7343 27148 4861 46796 71810 38820 69673 78792 12603 63971 50672
2137 20
88626 23019 56949 44632 14704 23621 70379 36726 16397 26245 46404 64790 70737 56775 24477 93795 75016 4572 37854 75376
6262 20
65048 89241 90285 15210 36002 98920 46852 77843 94372 95424 73243 67794 79897 27910 69858 31805 93060 26480 70207 31089
6813 20
64233 17926 64979 31912 97787 6220 98822 75971 69768 8553 55089 81170 25936 66067 39847 67902 74865 15031 50355 8745
6223 20
11447 14780 68153 84134 94882 86393 37731 69921 29192 16131 18304 55216 57503 8786 2721 82908 62864 67934 94849 49260
2429 20
14201 11092 8951 65499 68148 87863 16390 49180 11679 66504 14546 50104 79520 2292 14625 85520 57579 37185 80317 19201
5172 20
71104 863 32583 57587 6742 52564 67828 45727 8430 40985 78612 17102 5955 52269 22553 51447 70466 24432 57499 4624
4539 20
44329 6492 48898 32819 18155 73832 32612 84436 44378 26069 19231 8722 28212 19496 92356 25131 89392 35108 36758 36249
3301 20
89106 71697 4023 40547 96993 70229 38908 87044 31788 19561 16442 35755 17449 4947 8738 19556 2972 92476 1990 25109
9007 20
84699 81262 60182 5882 92554 29593 59658 80807 14445 4163 14134 35901 95500 44806 20795 43561 83338 20561 12347 80618
3169 20
97013 27517 68833 45464 83548 55535 27591 81404 91815 51699 21040 28600 14258 50325 39686 32833 21488 47381 61712 88523
8154 20
80683 54153 12247 74864 9824 38818 2179 34487 9166 21478 72355 31914 36818 96609 7591 3812 60927 69752 23026 27950
1670 20
9793 3253 63980 23129 3093 76288 68138 51718 71716 93037 56610 68278 16775 1764 7834 38845 74694 2236 4625 68239
2044 20
27066 73699 63471 2766 79761 71861 84863 92294 29958 63723 59429 69976 90947 7230 64546 34336 89068 39554 25945 69029
1959 20
33065 26926 92586 8816 80465 30904 66986 30360 58849 15504 6488 37462 37814 78377 2558 22070 40740 26841 65440 79779
2759 20
48522 18178 76238 23179 59588 23359 39908 33693 32169 10911 20900 91442 89978 43513 90172 90412 59994 49471 39207 22593
6591 20
85228 6139 59767 56722 7197 60052 3917 71289 74079 52332 38928 87551 20794 49517 79707 76733 98322 91109 28308 47170
3511 20
36731 67403 96446 96366 62307 86459 26075 39541 98336 84028 36645 87866 21298 25701 78003 73895 49801 58760 52794 16661
9269 20
9353 50815 37052 57458 95977 17441 86757 23676 23128 22497 20210 59944 96352 29253 93686 16975 19235 26592 76753 26347
417 20
47041 60189 35858 93582 95889 53611 24763 15324 96586 54617 42052 6910 23860 1989 67351 99685 66048 94957 10368 275
8696 20
35619 5076 45104 78115 87902 44776 77630 66416 24855 17085 86267 2284 82092 38304 42488 3876 82577 89554 94634 65791
9717 20
31011 54700 53060 87353 81030 17131 83029 80175 89528 24005 10492 36358 8818 80746 85268 71094 34430 49619 17668 31613
9937 20
73695 33274 23664 19533 64210 32255 80087 16797 27017 80626 66338 86547 67641 65351 93406 8300 93171 55483 71638 93635
3428 20
69864 97430 28439 39161 87468 63123 51354 71379 61709 36727 94797 44929 56796 88298 49358 612 49856 25787 53296 47401
7339 20
53848 18156 5671 32093 27500 47960 99861 37395 77692 50903 72783 95078 32405 29228 56101 29480 78398 2107 28568 43162
7037 20
80734 12469 91291 5450 81267 78772 43065 56971 99397 37019 48985 53984 47961 30514 43135 76844 53124 48839 65088 83890
162 20
82818 20399 57419 57452 77681 68616 53455 36736 5420 89108 80156 12791 79103 21451 71675 3232 63503 25561 57980 63258
5238 20
43640 53017 5168 6658 77122 29800 21785 29597 84530 71719 38466 58281 59851 78150 95925 44578 66727 43619 6188 82245
7557 20
23140 21062 71193 45739 86238 75834 6468 14456 61791 98991 89518 31883 4837 39949 90708 31895 56578 82235 38895 40655
6871 20
36149 31515 74615 67662 59246 599 16615 80127 12282 13601 47629 21581 66013 59306 40071 42836 74736 39044 75548 87851
6937 20
47247 6552 36164 20272 60107 44769 97743 90470 96138 26012 62652 62072 2814 33859 15426 64550 63659 89923 80846 85692
2643 20
16944 27112 19499 47714 31813 70175 46099 92516 571 55530 48641 72861 72542 60587 60965 14964 88998 92984 38170 47531
9582 20
68781 84645 71517 91380 80930 75325 25539 76051 18295 49047 15781 26027 57117 82593 38096 62732 79771 72058 72460 65333
2709 20
45712 39089 87374 82438 18647 90342 80085 38049 25871 26392 25044 7110 98491 12126 34423 23723 336 36546 24031 18216
7454 20
17645 40925 4424 65962 33783 78091 31054 62802 86612 64954 2689 2732 69299 96982 36989 68045 96529 70501 47915 60581
5273 20
35211 70575 41585 7902 53993 71232 17836 36723 28435 39158 57504 45572 75162 7012 79617 87102 4893 34080 29422 26494
1751 20
82455 18610 54011 25177 85976 76085 13126 5504 59370 1225 3221 530 51072 98930 23485 45212 77078 75106 10173 38477
8256 20
81915 32691 70836 7932 54117 99689 177 25039 72819 3418 41512 81585 68335 12431 20292 84839 69869 72918 24371 11487
5928 20
58680 9901 92971 2104 42070 89184 71629 46283 6800 93169 6437 73704 48786 98020 16327 30727 82890 70381 89660 58003
6522 20
81943 91042 25184 27841 90521 16813 36097 15811 7268 24622 90661 26248 24468 84177 41959 69031 50071 15542 20421 39169
9004 20
42909 2861 97560 2341 57502 91454 94860 35105 21376 99714 36971 88047 81614 4126 90422 56579 43022 15081 50181 47208
1356 20
57786 77787 15920 66975 40507 83283 1718 70779 13975 89796 56979 74453 74656 52190 7850 49706 63860 73445 98328 61543
3928 20
67684 94388 15018 30902 49155 88388 81414 99984 98055 75480 76960 41979 36372 79929 32229 11109 20790 1040 27612 45529
415 20
81386 20048 23893 51525 35870 16613 38207 48942 4159 61405 33165 89686 14555 32142 51182 5888 27588 54775 35379 31832
4172 20
1809 24564 61291 11279 81230 24224 64796 37227 76277 89841 95094 25870 93456 9431 87093 375 73170 67135 76947 34144
3510 20
41995 82659 52146 91384 86567 80496 48068 27346 49428 8613 8295 51274 66759 21238 52262 17907 27233 65724 37238 29336
2495 20
86359 86643 65060 22049 27764 4707 92082 48434 66336 76494 45994 98988 1722 75157 14896 26985 47549 36009 65423 68844
3205 20
48744 30243 40700 89005 34194 96931 809 56958 84068 69207 67438 71591 54008 82634 78036 20758 69228 42953 72304 76807
8046 20
53756 53710 48638 70965 93679 51652 13731 67877 70753 1801 80588 52846 47686 19009 89532 16932 35624 59572 9462 23451
6688 20
61095 91244 92751 90381 9103 83085 31499 79150 89247 82872 94490 91570 22578 31997 36135 64789 81121 55025 31119 49367
6350 20
95079 13595 85008 29478 28244 74719 48297 95651 93115 91017 81013 77825 90683 29897 91967 22137 51631 12098 88930 80162
4646 20
57217 89107 61592 61007 30050 73883 78733 37218 99991 20136 89958 64540 94651 74853 8376 21572 47445 36223 87555 52237
1401 20
36831 63672 99567 77727 89744 88283 650 85309 21662 4430 41249 40839 18325 63603 33765 25313 35776 59882 32087 10209
7843 20
9526 9698 17796 31352 77573 42817 74467 38684 99266 5667 75591 15016 13585 44404 20265 31208 45791 3970 40070 40884
8964 20
17605 96959 15675 43860 9849 97490 4600 9673 80136 35362 75538 76338 83880 31142 64755 80145 58163 93683 53561 88448
4863 20
62723 84737 83980 23304 45776 21759 55508 7020 14433 16770 46266 88676 89245 2632 99373 15612 99144 95228 79209 45500
3756 20
53771 39227 3644 32208 61422 35913 60835 38369 30160 43079 8439 2773 69260 44151 25905 48813 77532 55426 66729 1249
1364 20
95115 83629 7442 46785 31631 36175 67215 53457 50191 35016 16602 13278 6637 5480 9703 22118 43337 78179 61473 18075
486 20
32434 31791 70433 28477 78122 77753 92872 16438 97830 35600 30785 74082 62384 92546 57487 21153 17824 1886 4790 80033
7763 20
22963 72077 14149 4436 24817 19066 12655 24533 95513 13082 64178 5361 16058 95717 95144 68755 21690 21400 18194 70401
185 20
59268 31531 92716 66884 20578 8393 23886 51679 18316 54999 23743 25879 1563 8286 68514 42303 1773 34603 23847 22544
9360 20
78325 10309 24559 56144 80313 24107 79495 61639 50690 82589 73221 65510 90434 30705 87026 34983 53414 21817 5046 8808
5766 20
44295 12886 82161 20151 28019 93662 8848 62105 58096 55134 94640 96258 95273 88109 62407 921 12480 70642 99985 16849
8516 20
97292 7934 12477 47954 69865 91035 98294 71570 37749 52966 39338 46251 52095 40117 8108 44249 75237 78660 74223 98274
1985 20
36762 21711 17474 75766 53075 85728 52897 71188 46771 79703 77460 55034 12654 72046 21684 21898 61947 44967 50199 15175
2582 20
79169 85660 46203 11168 57380 11734 20963 54651 36193 98909 17340 28547 35965 46142 72491 12794 77293 86127 84748 48410
2631 20
41551 46628 53154 86463 72913 11334 91910 92325 98470 95646 51443 39248 30747 65968 63405 49839 27196 48846 28844 72613
124 20
90452 72008 15639 50535 27245 24050 22781 61355 85089 14060 15396 14797 95809 42217 59965 24621 1761 73992 19998 98554
8922 20
20304 84996 54162 77920 67842 39595 3565 42017 65981 18982 96594 41981 21587 85397 65273 50624 66324 44118 89647 81571
3605 20
31578 90870 27779 8975 45987 65603 42192 72147 83102 13642 94252 61346 23769 83853 25793 4942 87257 66554 68443 98521
243 20
27509 81411 91767 40821 3667 48340 22596 90322 19979 34016 14463 67052 66764 25516 8039 43824 33857 85694 28617 4157
1090 20
11204 57216 9209 46403 97896 78061 64013 68940 96998 87357 46275 4420 23170 690 87301 6770 30112 49034 54260 54217
4828 20
30359 28147 19797 41459 91043 94398 66981 24457 54907 21408 80393 51609 91838 32776 24202 44288 80928 18825 45350 11114
4255 20
81866 82795 67242 49819 64636 96564 4701 30433 86205 36939 72649 56287 43634 80831 86341 77860 26711 99761 86820 63616
9031 20
30965 81538 64707 82491 17481 891 61974 78193 35648 59006 67908 56803 94189 33926 68389 42094 25318 60531 45950 45846
3629 20
88364 93128 12758 6044 4753 64501 72472 68531 21168 51851 99147 5750 26714 66715 789 44889 16242 5300 70113 24513
1412 20
59640 84700 16953 52786 28802 48450 80257 22126 12127 3804 91297 6274 89466 88743 95001 25377 37952 758 15775 20562
9795 20
34002 6194 51869 43506 76529 20885 20434 65418 41804 66744 40005 76716 63213 21198 27957 21612 47305 91990 17117 82816
6193 20
14845 39912 86553 46958 60882 3566 36402 35872 91125 30943 9104 75383 99532 81647 90838 5896 80380 6591 8650 48885
3015 20
4840 34244 59103 45093 10788 32227 45619 12014 57506 60802 61320 56574 18432 84758 34807 44696 50932 62459 94206 55366
3996 20
92155 47535 84099 85299 87655 57060 51006 55704 80609 35666 58993 61597 87377 93675 70919 11956 75272 43290 51051 1780
1542 20
46442 43483 41059 88883 53326 50781 35572 2698 91068 37154 57961 47800 48422 41041 74937 86246 25437 20852 23501 32276
1963 20
6107 60410 77314 53039 47421 65636 61203 21730 41579 41118 33341 85379 41207 41602 36653 22925 70641 27447 95370 36219
2454 20
64341 73068 54708 5994 55412 99759 82706 5707 27956 76163 65010 61688 7775 69991 16166 33461 22755 55180 62572 91258
7663 20
34881 97141 46485 30796 52184 34679 65101 11499 32816 61348 53745 6206 42858 82013 82678 27279 13453 87819 10202 58342
5871 20
35879 86954 25723 59699 60195 281 52472 97376 74943 91276 585 37162 37461 89828 24136 49451 73504 81484 71203 20509
4758 20
84347 26076 94218 47525 37923 99010 2686 63986 23928 92408 91216 41803 2051 24709 74497 54287 4552 71749 33654 61417
9951 20
64155 59129 49895 23612 83863 75166 79279 44718 50703 30497 6896 29724 93979 77165 98805 51430 50730 15113 30746 99083
4433 20
12864 94976 54230 19352 43036 10802 66372 68362 84020 46541 51197 66206 29276 23365 27731 63561 38711 53097 64294 51203
2120 20
89467 39190 18121 55334 87999 8330 91636 66499 81680 87368 62799 27749 55294 20872 71420 14858 39744 32807 97022 45676
9713 20
11934 95474 19566 62078 67220 91090 6232 27696 2191 30492 78852 16817 18116 48285 23881 68845 80613 60065 54868 25139
6713 20
12685 3359 75223 83280 24935 28079 48760 642 74996 18934 1414 25486 28885 85644 57314 53834 78296 3135 74229 29160
4206 20
55755 26379 51832 60437 22621 20205 13065 21535 19469 4095 29475 37183 77130 46055 77600 18792 45825 15325 50700 72813
5006 20
64415 54828 54408 53649 91079 68314 25614 95257 21514 6050 30427 35815 12938 50106 57867 76702 43268 18289 46101 39830
4271 20
86717 68113 1111 28379 49633 26395 16292 12340 18754 54256 48279 71604 34348 29450 11583 24347 43577 44465 20987 61454
6974 20
11666 88359 9837 62493 43942 23545 80790 95895 7438 29098 79596 41411 44804 65028 65090 67111 75842 90778 87234 38847
8736 20
350 80692 94262 85576 69455 11859 60008 16084 5591 90079 66827 24446 33504 25964 33706 8865 51427 38512 21646 49650
4713 20
20958 79089 4500 6256 70362 20393 42024 86903 76521 55232 2430 72070 15233 344 18798 47016 15110 97498 7840 16018
4474 20
96342 27083 43774 8893 83084 43219 86983 17164 84418 14861 97113 68386 18280 35074 74781 55416 85556 98925 68201 60352
2252 20
28909 12246 61904 68416 14864 37181 98116 94128 45591 20491 6297 45813 43402 98399 5275 66032 17897 75086 54837 48674
1618 20
37148 59773 27330 59552 52505 30245 87687 2216 19733 36 81907 16210 41190 89628 39408 34808 30016 97250 43601 98289
4513 20
38189 40848 49050 38979 38479 71928 11304 52031 63081 48415 88072 85018 77628 22984 60048 60769 47890 28662 4090 5672
9066 20
68939 86606 17606 1232 47537 89128 86419 80719 57252 78821 58568 66300 49881 9903 16172 66404 73467 38650 53453 11625
4951 20
47056 28703 60464 96872 94786 83976 81802 58531 99435 17051 17168 4648 9077 60946 68640 97325 80866 84586 54317 79988
264 20
19188 49444 73181 68055 26064 59053 51971 32309 43906 92154 88161 22244 99607 49927 69178 12083 25941 99300 33829 58244
6258 20
56382 18399 4743 40405 6905 49500 39742 91261 61990 2681 79538 86338 52036 64880 78186 99517 80381 1626 18166 89297
7307 20
94495 7843 98806 67741 22807 75500 69264 82144 9078 48963 60425 1736 2575 83317 86853 57695 80389 22940 89015 62934
9118 20
91227 20045 70030 54996 23943 11719 68079 16910 32771 73258 74796 93276 98092 98028 73969 68533 42877 34073 25154 18995
2644 20
27945 4356 45494 43777 57696 86827 86734 35291 6193 21544 45285 8260 25465 84739 45568 35476 76246 53516 91944 25096
2922 20
53663 16526 30076 62828 9446 42405 33208 87058 33656 32682 40862 19408 45653 75524 72305 51794 26814 76311 88220 72829
1965 20
8328 68900 84680 68267 66213 9483 35886 12158 12248 84494 82661 53425 77409 80861 98994 41962 5083 42917 59542 16874
3120 20
86000 85769 41195 63599 807 80761 92494 16260 89957 70284 74725 45779 99902 95577 81665 82105 3756 54200 75149 72215
8834 20
94166 17043 15140 33122 28952 27208 66250 29971 94079 24810 47536 20112 26969 73288 32461 57592 69488 27790 80124 47838
4387 20
99666 13442 58918 40262 40894 94306 72884 72096 31932 9395 5374 58327 35950 65472 25562 67898 71236 56953 78543 87709
6910 20
72794 1819 79901 42546 59656 29904 84035 15916 74100 1461 92039 29866 30148 83844 10629 15432 68231 24360 34096 77514
3588 20
91430 81107 80458 35358 32088 8768 21233 41284 5313 31582 82184 79832 33852 8582 92980 12631 81636 58438 95520 60825
4736 20
52345 96509 69697 98447 89745 87734 65571 9639 58834 34286 49261 8326 10008 41403 56385 64186 58432 23051 406 1236
5287 20
25386 25182 74984 28737 70320 78017 8987 3028 10141 27536 45300 7137 85930 80276 3206 6389 74627 61540 69034 84768
2485 20
24975 95201 6699 6009 21546 1214 69899 32708 30175 41352 27166 3982 62951 44567 51964 19073 13658 28186 25501 90283
7565 20
67040 82167 79409 60315 49021 51471 97554 4510 13824 68552 30536 39239 16786 89387 44811 51835 54205 44112 42040 21285
8784 20
50502 82046 54925 33089 10223 92449 25601 30512 38343 20152 20149 79063 67980 51993 75460 9527 87260 5372 65022 37047
3364 20
89773 57623 44704 36527 26865 65692 40354 263 29613 22334 12458 4523 9061 18219 63077 12337 43230 14553 16241 75871
4074 20
92803 47160 99133 31062 87003 60749 15039 40629 87243 22232 71391 2184 66165 39999 75565 87114 95431 7282 95481 33235
3731 20
94814 62527 42765 45520 95452 52515 28301 37336 11752 70974 75582 93284 36417 14429 87672 28041 52799 53788 59457 75648
2023 20
64230 10811 4709 65821 44072 89505 71120 3966 16809 65288 68773 68558 29948 32472 19183 14117 25754 80121 17888 96004
6967 20
94791 61528 56908 65665 11438 27747 71350 28644 87661 87809 13001 12804 67227 45487 44461 520 51441 96957 33184 87712
1851 20
24372 93418 8076 85434 79332 70104 94077 19732 62449 2958 98532 42784 18328 75646 70893 26999 29689 90832 71754 47864
8603 20
75883 80506 49284 88111 93806 77171 26996 17393 99141 66859 67950 82383 31516 51605 92641 63466 50825 37576 32338 15077
2219 20
55360 56654 18150 55321 56046 64114 47192 32374 16839 80060 81731 54038 45423 22834 21066 79506 6981 94060 30534 53090
2654 20
93117 65567 52135 34439 26388 34216 78135 56328 30789 44090 24666 87261 53766 56342 21143 65732 86323 58979 66448 68175
1453 20
15385 1339 17714 49749 22832 28208 24651 54983 70749 12015 39332 51412 56190 25123 61255 74243 59341 68226 66733 38811
136 20
62274 59705 44802 59229 71630 26421 89139 13762 91654 30890 13761 96918 77442 43787 58009 98607 56992 40032 82340 80739
2524 20
35547 41726 70940 85366 72656 11 88784 57799 2294 84253 63605 64775 53354 42163 4246 87577 4644 38801 82134 15506
8090 20
66402 62498 75020 10894 25274 21659 77959 13081 55620 17935 97779 64367 98574 14841 66999 29305 45127 39309 55153 96783
7485 20
11459 74992 92488 12622 75863 97948 83709 36115 24630 78824 93074 71957 45375 66322 23497 26815 17261 62708 91006 1530
4294 20
6940 52310 71949 84844 3732 82569 36302 24074 7179 42612 97694 57104 90127 69477 32052 75213 56474 70777 28259 94992
2064 20
13791 85217 58016 17987 18622 90437 25048 62954 62422 87773 21576 88773 51873 21156 78493 62295 32282 63504 26782 37769
180 20
72660 98128 84541 75870 97815 22770 862 87213 52970 57753 3243 56086 31588 54866 71005 35394 53633 79716 65750 20863
1590 20
94592 2134 74549 67334 27041 23648 16264 90864 44930 42873 10382 22519 2770 80717 8255 39080 91546 75650 9828 83061
2493 20
33551 48818 83473 43399 79579 40108 15829 33432 76814 39918 58246 74389 57871 4729 32355 95617 42085 63953 8519 35806
976 20
61575 84408 3485 79713 84913 20915 69105 7768 3121 78129 70061 2565 96395 1581 27399 89648 25452 61758 40726 92649
1359 20
43706 23124 38457 84048 92632 16416 68374 18984 1296 61514 3128 17115 79517 18195 76659 57453 15919 92916 90005 80642
9577 20
49745 35161 81441 47865 70471 83169 39698 2887 32744 83488 93253 5681 61011 77890 82330 25852 47131 21792 67762 22691
5387 20
28799 173 96791 82531 55447 18480 79307 367 59020 7927 7167 5901 31591 9852 73041 25220 63514 92732 55566 41478
1438 20
28131 81831 10044 70205 97390 8610 12833 2534 4492 68407 32566 78128 23290 42181 71586 65681 57769 93989 1026 2235
8881 20
91574 41064 95003 2323 44613 44273 10983 29936 39100 82095 24006 76252 19065 20058 26481 46870 4049 26857 87714 34154
86 20
3767 25588 62817 36423 99786 92133 10795 72443 43935 47605 7957 42084 40976 49254 85049 96175 41539 62883 16121 7112
6134 20
3 84770 17304 21341 15130 83989 16441 88845 28511 93362 14464 20223 46847 15983 59575 72197 54442 53746 8314 58272
6782 20
2356 86027 37178 69692 17917 50684 1649 10634 6926 84072 74177 42706 22771 58313 36522 92799 41134 35177 94939 71384
6468 20
15038 84678 5418 43956 12308 70998 6743 3664 38772 45359 93445 2730 52653 33024 60710 39842 68680 81275 29476 85490
4323 20
26798 96256 27154 68172 42161 79053 61204 46062 43434 18206 83433 91640 48329 94937 88361 44044 99302 97366 97981 61734
6132 20
24486 78304 70814 72999 26482 51697 31537 49399 91995 7367 3129 99616 70159 22965 82418 35404 31414 86473 98166 53964
1663 20
22111 92401 6592 52248 42476 22624 74074 84923 19574 64107 69375 21139 95263 25155 90692 38622 89871 60493 40011 5536
4178 20
33825 27491 25170 25652 66912 32197 42297 34756 30797 35827 4458 49630 74890 91807 75232 92119 66613 47125 69147 28486
1204 20
85773 88684 86720 97140 27545 91388 64777 62670 12557 78355 31487 691 79823 6582 58673 29562 11271 11677 50420 54349
9855 20
51479 2999 56073 18568 31629 14014 64392 94033 69233 55738 45533 84226 89198 74200 21342 34698 60258 83257 24583 79077
148 20
27152 73136 38119 36932 78251 29002 19015 54912 62178 31811 48041 58781 20919 95553 24662 80395 1799 87691 74244 39506
9847 20
98774 25360 49572 51583 53569 96190 34886 37905 90236 85170 76930 81346 11764 86436 67470 83320 42249 83562 40102 31148
8273 20
790 59067 64349 60004 23976 65136 3893 74051 11081 29692 10161 75818 91664 11245 86396 84901 35136 74280 92926 9629
5040 20
9093 88464 19369 51 87286 447 39540 50896 34115 3998 50427 34725 9582 79933 21936 49205 17007 64955 79081 32871
1574 20
83151 27993 95635 12155 36976 44988 13165 95189 23175 64072 18382 82845 51446 48937 27191 60025 69816 79634 60513 38637
8415 20
95206 60657 76527 64311 75736 72796 49044 30125 39777 22281 12713 99057 33500 35542 58378 49937 67938 84351 91987 69499
7088 20
23859 42899 58188 85703 10166 29514 57061 42986 67545 8631 27637 27839 45307 94375 21222 24928 75544 97301 8412 4075
7920 20
22341 82750 39962 32889 42019 77123 89857 99381 5772 808 13218 73462 74158 7006 16447 88474 75802 12732 9604 77008
9749 20
79235 72750 84429 31232 28937 17246 29324 52119 96204 1487 94485 64759 50273 17147 42492 17275 15928 73080 97711 44371
2488 20
99091 83667 21214 10970 57234 49318 67063 34557 90606 11151 86957 39217 58967 11578 34329 79222 43431 91644 98685 10424
1339 20
84732 83404 20827 56789 78886 84734 18190 89644 18824 59321 88628 18198 12725 50928 41114 62939 38256 96674 54645 17636
5534 20
59219 39133 98793 90095 74179 33510 59937 50786 71409 66942 26878 2758 77129 70486 27854 20387 26135 74311 52878 94338
3165 20
8716 75008 64120 50084 64523 67357 39688 57440 21748 71062 58941 58390 7821 22320 81007 97667 35346 66331 73267 80585
3136 20
9662 30077 32288 41275 61342 68453 88802 1049 21584 42148 16493 30424 55582 60496 93430 64649 86859 83632 41703 54903
1674 20
69888 35132 87865 40543 90720 3818 3229 79131 28027 79945 45603 52323 59155 20686 81845 90096 37825 34528 44751 53870
2182 20
4052 99264 36973 3907 94061 82605 28692 55063 35341 87383 55177 63447 72956 12963 15319 65215 76145 725 18783 33505
9324 20
99359 4808 72975 11040 77640 20912 94552 22202 52872 78619 75923 86162 17174 30985 43475 55572 69318 77543 99328 71995
2853 20
48997 27829 63080 1682 4114 41081 96652 63311 92469 96935 19491 22333 93986 67572 15865 41368 42131 16240 43484 48153
9730 20
97708 95043 53014 46789 9781 6266 86731 77896 58576 93533 14811 90332 32356 24739 70796 11655 64189 22331 55585 19222
5103 20
39732 96270 88565 82602 35942 85604 98825 66778 82090 70888 18893 13140 12604 86281 15842 73651 49313 85904 87120 29080
9385 20
8575 93522 24193 9625 86652 35024 2103 15334 38728 45914 11325 79720 74211 35797 40842 81930 34059 80293 56501 81874
3163 20
60958 94062 96248 9937 18068 24492 2141 37797 38375 41173 20642 8824 71380 26781 44178 41984 61612 85243 39621 62759
3038 20
54771 83715 35781 6670 42724 74535 88556 39108 69583 77621 78023 77961 6021 87132 39175 85081 15187 54995 15116 87299
8871 20
11833 22656 1029 33317 75716 54889 3231 59423 14111 93051 12315 37707 2013 12814 1221 21236 44006 22043 77712 54623
3721 20
80779 69190 51636 48308 5071 88853 62372 57034 58318 15287 54061 31172 96576 3877 45706 13487 39625 30595 29436 38258
7878 20
52765 39750 14498 3038 17893 64892 39124 20337 96265 87606 16297 34677 92359 58142 40196 30048 28003 81610 22946 36054
1192 20
97350 46738 10881 6912 93879 72602 2495 40448 66298 35148 7660 41635 73614 24015 93215 16515 24210 93095 57282 3642
3406 20
91345 2525 67680 2838 33196 36740 82917 53507 86708 86556 37390 66604 28551 39556 55139 82683 77535 84299 3749 22649
1318 20
95654 81761 80494 10334 53550 33648 15196 57100 49411 98679 44748 97398 29097 31460 61901 55870 30334 99962 82763 14868
